2019-02-20 16:15:16.730 ERROR 18352 --- [main] o.s.b.c.l.LoggingApplicationListener     : Cannot set level: WARN  for 'com.shinetechchina'
2019-02-20 16:15:16.808  INFO 18352 --- [main] c.s.liuyeshe.LiuyesheApplication         : Starting LiuyesheApplication on DESKTOP-157N23R with PID 18352 (started by liujian in D:\柳叶摄项目\liuyeshe)
2019-02-20 16:15:16.809  INFO 18352 --- [main] c.s.liuyeshe.LiuyesheApplication         : No active profile set, falling back to default profiles: default
2019-02-20 16:15:16.842  INFO 18352 --- [main] ConfigServletWebServerApplicationContext : Refreshing org.springframework.boot.web.servlet.context.AnnotationConfigServletWebServerApplicationContext@45018215: startup date [Wed Feb 20 16:15:16 CST 2019]; root of context hierarchy
2019-02-20 16:15:17.372  WARN 18352 --- [main] o.m.s.mapper.ClassPathMapperScanner      : No MyBatis mapper was found in '[com.shinetechchina.liuyeshe]' package. Please check your configuration.
2019-02-20 16:15:17.425  INFO 18352 --- [main] .s.d.r.c.RepositoryConfigurationDelegate : Multiple Spring Data modules found, entering strict repository configuration mode!
2019-02-20 16:15:17.731  INFO 18352 --- [main] trationDelegate$BeanPostProcessorChecker : Bean 'org.springframework.transaction.annotation.ProxyTransactionManagementConfiguration' of type [org.springframework.transaction.annotation.ProxyTransactionManagementConfiguration$$EnhancerBySpringCGLIB$$13f43034] is not eligible for getting processed by all BeanPostProcessors (for example: not eligible for auto-proxying)
2019-02-20 16:15:18.011  INFO 18352 --- [main] o.s.b.w.embedded.tomcat.TomcatWebServer  : Tomcat initialized with port(s): 8080 (http)
2019-02-20 16:15:18.033  INFO 18352 --- [main] o.apache.catalina.core.StandardService   : Starting service [Tomcat]
2019-02-20 16:15:18.033  INFO 18352 --- [main] org.apache.catalina.core.StandardEngine  : Starting Servlet Engine: Apache Tomcat/8.5.34
2019-02-20 16:15:18.037  INFO 18352 --- [localhost-startStop-1] o.a.catalina.core.AprLifecycleListener   : The APR based Apache Tomcat Native library which allows optimal performance in production environments was not found on the java.library.path: [E:\ruanjian\RunTime\jdk1.8.0.51_x64\bin;C:\WINDOWS\Sun\Java\bin;C:\WINDOWS\system32;C:\WINDOWS;C:\app\liujian\product\11.2.0\dbhome_1\bin;C:\ProgramData\Oracle\Java\javapath;C:\Program Files (x86)\Intel\iCLS Client\;C:\Program Files\Intel\iCLS Client\;C:\WINDOWS\system32;C:\WINDOWS;C:\WINDOWS\System32\Wbem;C:\WINDOWS\System32\WindowsPowerShell\v1.0\;C:\Program Files (x86)\Intel\Intel(R) Management Engine Components\DAL;C:\Program Files\Intel\Intel(R) Management Engine Components\DAL;C:\Program Files (x86)\Intel\Intel(R) Management Engine Components\IPT;C:\Program Files\Intel\Intel(R) Management Engine Components\IPT;E:\ruanjian\RunTime\jdk-9.0.4\bin;"E:\ruanjian\RunTime\jdk-9.0.4\jre\bin;";E:\ruanjian\gradle-4.5\bin;C:\Program Files\Git\cmd;C:\Program Files\TortoiseGit\bin;C:\Program Files\TortoiseSVN\bin;C:\Program Files\IDM Computer Solutions\UltraEdit;C:\Program Files\erl8.1\bin;C:\WINDOWS\System32\OpenSSH\;E:\ruanjian\apache-maven-3.5.4-bin\apache-maven-3.5.4\bin;E:\ruanjian\sqlite\sqlite-tools-win32-x86-3240000\sqlite-tools-win32-x86-3240000;E:\ruanjian\android\android-sdk-windows\tools;E:\ruanjian\android\android-sdk-windows\platform-tools;C:\Program Files\mysql-5.6.24-winx64\bin;C:\Program Files\nodejs\;C:\Program Files\SQL Anywhere 17\bin64;C:\Program Files\SQL Anywhere 17\bin32;%JBOSS_HOME%\bin;C:\Users\liujian\AppData\Local\Microsoft\WindowsApps;C:\Program Files\mysql-5.6.24-winx64;C:\Users\liujian\AppData\Roaming\npm;.]
2019-02-20 16:15:18.120  INFO 18352 --- [localhost-startStop-1] o.a.c.c.C.[Tomcat].[localhost].[/]       : Initializing Spring embedded WebApplicationContext
2019-02-20 16:15:18.120  INFO 18352 --- [localhost-startStop-1] o.s.web.context.ContextLoader            : Root WebApplicationContext: initialization completed in 1278 ms
2019-02-20 16:15:18.169  INFO 18352 --- [localhost-startStop-1] o.s.b.w.servlet.ServletRegistrationBean  : Servlet dispatcherServlet mapped to [/]
2019-02-20 16:15:18.173  INFO 18352 --- [localhost-startStop-1] o.s.b.w.servlet.FilterRegistrationBean   : Mapping filter: 'characterEncodingFilter' to: [/*]
2019-02-20 16:15:18.173  INFO 18352 --- [localhost-startStop-1] o.s.b.w.servlet.FilterRegistrationBean   : Mapping filter: 'hiddenHttpMethodFilter' to: [/*]
2019-02-20 16:15:18.173  INFO 18352 --- [localhost-startStop-1] o.s.b.w.servlet.FilterRegistrationBean   : Mapping filter: 'httpPutFormContentFilter' to: [/*]
2019-02-20 16:15:18.173  INFO 18352 --- [localhost-startStop-1] o.s.b.w.servlet.FilterRegistrationBean   : Mapping filter: 'requestContextFilter' to: [/*]
2019-02-20 16:15:18.304  INFO 18352 --- [main] o.s.w.s.handler.SimpleUrlHandlerMapping  : Mapped URL path [/**/favicon.ico] onto handler of type [class org.springframework.web.servlet.resource.ResourceHttpRequestHandler]
2019-02-20 16:15:18.469  INFO 18352 --- [main] s.w.s.m.m.a.RequestMappingHandlerAdapter : Looking for @ControllerAdvice: org.springframework.boot.web.servlet.context.AnnotationConfigServletWebServerApplicationContext@45018215: startup date [Wed Feb 20 16:15:16 CST 2019]; root of context hierarchy
2019-02-20 16:15:18.506  INFO 18352 --- [main] s.w.s.m.m.a.RequestMappingHandlerMapping : Mapped "{[/error]}" onto public org.springframework.http.ResponseEntity<java.util.Map<java.lang.String, java.lang.Object>> org.springframework.boot.autoconfigure.web.servlet.error.BasicErrorController.error(javax.servlet.http.HttpServletRequest)
2019-02-20 16:15:18.507  INFO 18352 --- [main] s.w.s.m.m.a.RequestMappingHandlerMapping : Mapped "{[/error],produces=[text/html]}" onto public org.springframework.web.servlet.ModelAndView org.springframework.boot.autoconfigure.web.servlet.error.BasicErrorController.errorHtml(javax.servlet.http.HttpServletRequest,javax.servlet.http.HttpServletResponse)
2019-02-20 16:15:18.527  INFO 18352 --- [main] o.s.w.s.handler.SimpleUrlHandlerMapping  : Mapped URL path [/webjars/**] onto handler of type [class org.springframework.web.servlet.resource.ResourceHttpRequestHandler]
2019-02-20 16:15:18.528  INFO 18352 --- [main] o.s.w.s.handler.SimpleUrlHandlerMapping  : Mapped URL path [/**] onto handler of type [class org.springframework.web.servlet.resource.ResourceHttpRequestHandler]
2019-02-20 16:15:18.998  INFO 18352 --- [main] o.s.j.e.a.AnnotationMBeanExporter        : Registering beans for JMX exposure on startup
2019-02-20 16:15:18.999  INFO 18352 --- [main] o.s.j.e.a.AnnotationMBeanExporter        : Bean with name 'dataSource' has been autodetected for JMX exposure
2019-02-20 16:15:19.003  INFO 18352 --- [main] o.s.j.e.a.AnnotationMBeanExporter        : Located MBean 'dataSource': registering with JMX server as MBean [com.zaxxer.hikari:name=dataSource,type=HikariDataSource]
2019-02-20 16:15:19.027  INFO 18352 --- [main] o.s.b.w.embedded.tomcat.TomcatWebServer  : Tomcat started on port(s): 8080 (http) with context path ''
2019-02-20 16:15:19.029  INFO 18352 --- [main] c.s.liuyeshe.LiuyesheApplication         : Started LiuyesheApplication in 2.612 seconds (JVM running for 3.357)
2019-02-20 16:15:28.600 ERROR 19736 --- [main] o.s.b.c.l.LoggingApplicationListener     : Cannot set level: WARN  for 'com.shinetechchina'
2019-02-20 16:15:28.673  INFO 19736 --- [main] c.s.liuyeshe.LiuyesheApplication         : Starting LiuyesheApplication on DESKTOP-157N23R with PID 19736 (started by liujian in D:\柳叶摄项目\liuyeshe)
2019-02-20 16:15:28.674  INFO 19736 --- [main] c.s.liuyeshe.LiuyesheApplication         : No active profile set, falling back to default profiles: default
2019-02-20 16:15:28.703  INFO 19736 --- [main] ConfigServletWebServerApplicationContext : Refreshing org.springframework.boot.web.servlet.context.AnnotationConfigServletWebServerApplicationContext@2b6856dd: startup date [Wed Feb 20 16:15:28 CST 2019]; root of context hierarchy
2019-02-20 16:15:29.186  WARN 19736 --- [main] o.m.s.mapper.ClassPathMapperScanner      : No MyBatis mapper was found in '[com.shinetechchina.liuyeshe]' package. Please check your configuration.
2019-02-20 16:15:29.218  INFO 19736 --- [main] .s.d.r.c.RepositoryConfigurationDelegate : Multiple Spring Data modules found, entering strict repository configuration mode!
2019-02-20 16:15:29.475  INFO 19736 --- [main] trationDelegate$BeanPostProcessorChecker : Bean 'org.springframework.transaction.annotation.ProxyTransactionManagementConfiguration' of type [org.springframework.transaction.annotation.ProxyTransactionManagementConfiguration$$EnhancerBySpringCGLIB$$1a68d14c] is not eligible for getting processed by all BeanPostProcessors (for example: not eligible for auto-proxying)
2019-02-20 16:15:29.748  INFO 19736 --- [main] o.s.b.w.embedded.tomcat.TomcatWebServer  : Tomcat initialized with port(s): 8089 (http)
2019-02-20 16:15:29.767  INFO 19736 --- [main] o.apache.catalina.core.StandardService   : Starting service [Tomcat]
2019-02-20 16:15:29.768  INFO 19736 --- [main] org.apache.catalina.core.StandardEngine  : Starting Servlet Engine: Apache Tomcat/8.5.34
2019-02-20 16:15:29.771  INFO 19736 --- [localhost-startStop-1] o.a.catalina.core.AprLifecycleListener   : The APR based Apache Tomcat Native library which allows optimal performance in production environments was not found on the java.library.path: [E:\ruanjian\RunTime\jdk1.8.0.51_x64\bin;C:\WINDOWS\Sun\Java\bin;C:\WINDOWS\system32;C:\WINDOWS;C:\app\liujian\product\11.2.0\dbhome_1\bin;C:\ProgramData\Oracle\Java\javapath;C:\Program Files (x86)\Intel\iCLS Client\;C:\Program Files\Intel\iCLS Client\;C:\WINDOWS\system32;C:\WINDOWS;C:\WINDOWS\System32\Wbem;C:\WINDOWS\System32\WindowsPowerShell\v1.0\;C:\Program Files (x86)\Intel\Intel(R) Management Engine Components\DAL;C:\Program Files\Intel\Intel(R) Management Engine Components\DAL;C:\Program Files (x86)\Intel\Intel(R) Management Engine Components\IPT;C:\Program Files\Intel\Intel(R) Management Engine Components\IPT;E:\ruanjian\RunTime\jdk-9.0.4\bin;"E:\ruanjian\RunTime\jdk-9.0.4\jre\bin;";E:\ruanjian\gradle-4.5\bin;C:\Program Files\Git\cmd;C:\Program Files\TortoiseGit\bin;C:\Program Files\TortoiseSVN\bin;C:\Program Files\IDM Computer Solutions\UltraEdit;C:\Program Files\erl8.1\bin;C:\WINDOWS\System32\OpenSSH\;E:\ruanjian\apache-maven-3.5.4-bin\apache-maven-3.5.4\bin;E:\ruanjian\sqlite\sqlite-tools-win32-x86-3240000\sqlite-tools-win32-x86-3240000;E:\ruanjian\android\android-sdk-windows\tools;E:\ruanjian\android\android-sdk-windows\platform-tools;C:\Program Files\mysql-5.6.24-winx64\bin;C:\Program Files\nodejs\;C:\Program Files\SQL Anywhere 17\bin64;C:\Program Files\SQL Anywhere 17\bin32;%JBOSS_HOME%\bin;C:\Users\liujian\AppData\Local\Microsoft\WindowsApps;C:\Program Files\mysql-5.6.24-winx64;C:\Users\liujian\AppData\Roaming\npm;.]
2019-02-20 16:15:29.841  INFO 19736 --- [localhost-startStop-1] o.a.c.c.C.[Tomcat].[localhost].[/]       : Initializing Spring embedded WebApplicationContext
2019-02-20 16:15:29.841  INFO 19736 --- [localhost-startStop-1] o.s.web.context.ContextLoader            : Root WebApplicationContext: initialization completed in 1138 ms
2019-02-20 16:15:29.883  INFO 19736 --- [localhost-startStop-1] o.s.b.w.servlet.ServletRegistrationBean  : Servlet dispatcherServlet mapped to [/]
2019-02-20 16:15:29.885  INFO 19736 --- [localhost-startStop-1] o.s.b.w.servlet.FilterRegistrationBean   : Mapping filter: 'characterEncodingFilter' to: [/*]
2019-02-20 16:15:29.886  INFO 19736 --- [localhost-startStop-1] o.s.b.w.servlet.FilterRegistrationBean   : Mapping filter: 'hiddenHttpMethodFilter' to: [/*]
2019-02-20 16:15:29.886  INFO 19736 --- [localhost-startStop-1] o.s.b.w.servlet.FilterRegistrationBean   : Mapping filter: 'httpPutFormContentFilter' to: [/*]
2019-02-20 16:15:29.886  INFO 19736 --- [localhost-startStop-1] o.s.b.w.servlet.FilterRegistrationBean   : Mapping filter: 'requestContextFilter' to: [/*]
2019-02-20 16:15:29.957  INFO 19736 --- [main] o.s.w.s.handler.SimpleUrlHandlerMapping  : Mapped URL path [/**/favicon.ico] onto handler of type [class org.springframework.web.servlet.resource.ResourceHttpRequestHandler]
2019-02-20 16:15:30.157  INFO 19736 --- [main] s.w.s.m.m.a.RequestMappingHandlerAdapter : Looking for @ControllerAdvice: org.springframework.boot.web.servlet.context.AnnotationConfigServletWebServerApplicationContext@2b6856dd: startup date [Wed Feb 20 16:15:28 CST 2019]; root of context hierarchy
2019-02-20 16:15:30.194  INFO 19736 --- [main] s.w.s.m.m.a.RequestMappingHandlerMapping : Mapped "{[/error]}" onto public org.springframework.http.ResponseEntity<java.util.Map<java.lang.String, java.lang.Object>> org.springframework.boot.autoconfigure.web.servlet.error.BasicErrorController.error(javax.servlet.http.HttpServletRequest)
2019-02-20 16:15:30.195  INFO 19736 --- [main] s.w.s.m.m.a.RequestMappingHandlerMapping : Mapped "{[/error],produces=[text/html]}" onto public org.springframework.web.servlet.ModelAndView org.springframework.boot.autoconfigure.web.servlet.error.BasicErrorController.errorHtml(javax.servlet.http.HttpServletRequest,javax.servlet.http.HttpServletResponse)
2019-02-20 16:15:30.213  INFO 19736 --- [main] o.s.w.s.handler.SimpleUrlHandlerMapping  : Mapped URL path [/webjars/**] onto handler of type [class org.springframework.web.servlet.resource.ResourceHttpRequestHandler]
2019-02-20 16:15:30.213  INFO 19736 --- [main] o.s.w.s.handler.SimpleUrlHandlerMapping  : Mapped URL path [/**] onto handler of type [class org.springframework.web.servlet.resource.ResourceHttpRequestHandler]
2019-02-20 16:15:30.618  INFO 19736 --- [main] o.s.j.e.a.AnnotationMBeanExporter        : Registering beans for JMX exposure on startup
2019-02-20 16:15:30.619  INFO 19736 --- [main] o.s.j.e.a.AnnotationMBeanExporter        : Bean with name 'dataSource' has been autodetected for JMX exposure
2019-02-20 16:15:30.623  INFO 19736 --- [main] o.s.j.e.a.AnnotationMBeanExporter        : Located MBean 'dataSource': registering with JMX server as MBean [com.zaxxer.hikari:name=dataSource,type=HikariDataSource]
2019-02-20 16:15:30.646  INFO 19736 --- [main] o.s.b.w.embedded.tomcat.TomcatWebServer  : Tomcat started on port(s): 8089 (http) with context path ''
2019-02-20 16:15:30.649  INFO 19736 --- [main] c.s.liuyeshe.LiuyesheApplication         : Started LiuyesheApplication in 2.338 seconds (JVM running for 2.963)
